\BOOKMARK [1][-]{section.1}{Objetivos}{}% 1
\BOOKMARK [1][-]{section.2}{Introducci\363n}{}% 2
\BOOKMARK [2][-]{subsection.2.1}{Primera Lectura: Calidad del aire y efectos en la salud-\277Como pueden contribuir las redes de sensores inal\341mbricas?}{section.2}% 3
\BOOKMARK [3][-]{subsubsection.2.1.1}{Detectores de quimioluminiscencia}{subsection.2.1}% 4
\BOOKMARK [3][-]{subsubsection.2.1.2}{Muestreadores de difusi\363n pasiva}{subsection.2.1}% 5
\BOOKMARK [3][-]{subsubsection.2.1.3}{Sensores electroqu\355micos}{subsection.2.1}% 6
\BOOKMARK [3][-]{subsubsection.2.1.4}{Sensores \323pticos}{subsection.2.1}% 7
\BOOKMARK [2][-]{subsection.2.2}{Segunda Lectura: Impacto de las emisiones de NOx en el clima y la monitorizaci\363n mediante la tecnolog\355a de sensores inteligentes}{section.2}% 8
\BOOKMARK [2][-]{subsection.2.3}{Tercer Lectura: Polluino: una gesti\363n eciente basada en la nube de Dispositivos IoT para monitoreo de calidad del aire}{section.2}% 9
\BOOKMARK [2][-]{subsection.2.4}{Cuarta Lectura: Desarrollo de plataforma de detecci\363n para mediciones y an\341lisis de calidad del aire}{section.2}% 10
\BOOKMARK [2][-]{subsection.2.5}{Quinta Lectura: Sistema de monitoreo de la contaminaci\363n del aire urbano con modelos de pronostico}{section.2}% 11
\BOOKMARK [1][-]{section.3}{Marco Te\363rico}{}% 12
\BOOKMARK [2][-]{subsection.3.1}{Filtro Medio}{section.3}% 13
\BOOKMARK [2][-]{subsection.3.2}{Filtro Mediano}{section.3}% 14
\BOOKMARK [2][-]{subsection.3.3}{Filtro de Kalman discreto}{section.3}% 15
\BOOKMARK [2][-]{subsection.3.4}{Node MCU ESP 8266}{section.3}% 16
\BOOKMARK [2][-]{subsection.3.5}{MUX 74HC4051}{section.3}% 17
\BOOKMARK [2][-]{subsection.3.6}{Sensor de calidad del Aire MQ135}{section.3}% 18
\BOOKMARK [2][-]{subsection.3.7}{Sensor de Rayos UV GYML8511}{section.3}% 19
\BOOKMARK [2][-]{subsection.3.8}{Sensor de C0 \(mon\363xido de carbono\) MQ7}{section.3}% 20
\BOOKMARK [3][-]{subsubsection.3.8.1}{Sensor de Temperatura y Humedad DHT11}{subsection.3.8}% 21
\BOOKMARK [1][-]{section.4}{Desarrollo}{}% 22
\BOOKMARK [2][-]{subsection.4.1}{Filtro de suavisado Exponencial-Gaussiano}{section.4}% 23
\BOOKMARK [2][-]{subsection.4.2}{Filtro de suavisado Medio}{section.4}% 24
\BOOKMARK [2][-]{subsection.4.3}{Filtro de suavisado Mediano}{section.4}% 25
\BOOKMARK [1][-]{section.5}{An\341lisis de Resultados}{}% 26
\BOOKMARK [2][-]{subsection.5.1}{An\341lisis de Resultados con el Filtro Medio}{section.5}% 27
\BOOKMARK [3][-]{subsubsection.5.1.1}{Datos de Humedad-Sensor DHT11}{subsection.5.1}% 28
\BOOKMARK [3][-]{subsubsection.5.1.2}{Datos de Temperatura-Sensor DHT11}{subsection.5.1}% 29
\BOOKMARK [3][-]{subsubsection.5.1.3}{Datos de CO\(Mon\363xido de Carbono\)-Sensor MQ7}{subsection.5.1}% 30
\BOOKMARK [3][-]{subsubsection.5.1.4}{Datos de la calidad del aire -Sensor MQ135}{subsection.5.1}% 31
\BOOKMARK [3][-]{subsubsection.5.1.5}{Datos de rayos UV-Sensor GYML8511}{subsection.5.1}% 32
\BOOKMARK [2][-]{subsection.5.2}{An\341lisis de Resultados con el Filtro Exponencial-Gaussiano}{section.5}% 33
\BOOKMARK [3][-]{subsubsection.5.2.1}{Datos de Humedad-Sensor DHT11}{subsection.5.2}% 34
\BOOKMARK [3][-]{subsubsection.5.2.2}{Datos de Temperatura-Sensor DHT11}{subsection.5.2}% 35
\BOOKMARK [3][-]{subsubsection.5.2.3}{Datos de CO\(Mon\363xido de Carbono\)-Sensor MQ7}{subsection.5.2}% 36
\BOOKMARK [3][-]{subsubsection.5.2.4}{Datos de la calidad del aire -Sensor MQ135}{subsection.5.2}% 37
\BOOKMARK [3][-]{subsubsection.5.2.5}{Datos de rayos UV-Sensor GYML8511}{subsection.5.2}% 38
\BOOKMARK [2][-]{subsection.5.3}{An\341lisis de Resultados con el Filtro Mediano}{section.5}% 39
\BOOKMARK [3][-]{subsubsection.5.3.1}{Datos de Humedad-Sensor DHT11}{subsection.5.3}% 40
\BOOKMARK [3][-]{subsubsection.5.3.2}{Datos de Temperatura-Sensor DHT11}{subsection.5.3}% 41
\BOOKMARK [3][-]{subsubsection.5.3.3}{Datos de CO\(Mon\363xido de Carbono\)-Sensor MQ7}{subsection.5.3}% 42
\BOOKMARK [3][-]{subsubsection.5.3.4}{Datos de la calidad del aire -Sensor MQ135}{subsection.5.3}% 43
\BOOKMARK [3][-]{subsubsection.5.3.5}{Datos de rayos UV-Sensor GYML8511}{subsection.5.3}% 44
\BOOKMARK [3][-]{subsubsection.5.3.6}{Tabla de Resultados}{subsection.5.3}% 45
\BOOKMARK [2][-]{subsection.5.4}{Diagrama de Bloques}{section.5}% 46
\BOOKMARK [2][-]{subsection.5.5}{Flujograma de Actividades}{section.5}% 47
\BOOKMARK [2][-]{subsection.5.6}{Simulaci\363n en Fritzing}{section.5}% 48
\BOOKMARK [2][-]{subsection.5.7}{Circuito Esquem\341tico}{section.5}% 49
\BOOKMARK [2][-]{subsection.5.8}{Dise\361o e Impresi\363n del Circuito}{section.5}% 50
\BOOKMARK [2][-]{subsection.5.9}{Circuito implementado en Baquelita}{section.5}% 51
\BOOKMARK [1][-]{section.6}{Conclusiones y Recomendaciones}{}% 52
\BOOKMARK [1][-]{section.7}{Bibliograf\355a}{}% 53
\BOOKMARK [1][-]{section.8}{Anexos}{}% 54
